2018-02-07 12:50:27.058 INFO  [main] [org.tfelab.io.requester.chrome.ChromeDriverAgent:154] init - Init...
2018-02-07 12:50:27.073 INFO  [main] [org.tfelab.io.requester.chrome.ChromeDriverAgent:166] init - User dir: C:\workspace\crawler-zbj\chrome_user_dir\522553046
2018-02-07 12:50:31.813 INFO  [pool-2-thread-1] [org.tfelab.io.requester.chrome.ChromeDriverAgent:259] lambda$init$0 - Create chromedriver done.
2018-02-07 12:50:31.813 INFO  [main] [org.tfelab.io.requester.chrome.ChromeDriverAgent:310] init - Chrome driver pid:0
2018-02-07 12:50:33.314 INFO  [main] [org.tfelab.io.requester.chrome.ChromeDriverAgent:331] init - Init ChromeDriverAgent done.
2018-02-07 12:50:57.511 INFO  [main] [org.tfelab.io.requester.chrome.ChromeDriverAgent$Wrapper:564] run - http://www.zbj.com/home/pk1.html
2018-02-07 12:51:06.638 INFO  [main] [org.tfelab.io.requester.chrome.ChromeDriverAgent:981] waitPageLoad - http://www.zbj.com/home/pk1.html, page ready: true
2018-02-07 12:51:07.115 INFO  [main] [com.sdyk.ai.crawler.zbj.task.ServiceScanTask:105] postProc - Task num: 41
2018-02-07 12:51:07.115 INFO  [main] [org.tfelab.io.requester.chrome.ChromeDriverAgent$Wrapper:564] run - http://shop.zbj.com/18214079/
2018-02-07 12:51:19.868 INFO  [main] [org.tfelab.io.requester.chrome.ChromeDriverAgent:981] waitPageLoad - http://shop.zbj.com/18214079/, page ready: true
2018-02-07 12:51:42.615 ERROR [main] [com.sdyk.ai.crawler.zbj.task.ServiceScanTask:131] main - Exception while fetch task. org.openqa.selenium.NoSuchElementException: no such element: Unable to locate element: {"method":"css selector","selector":"#utopia_widget_5 > p.label-box-wrap"}
  (Session info: chrome=64.0.3282.140)
  (Driver info: chromedriver=2.34.522940 (1a76f96f66e3ca7b8e57d503b4dd3bccfba87af1),platform=Windows NT 6.1.7601 SP1 x86_64) (WARNING: The server did not provide any stacktrace information)
Command duration or timeout: 10.03 seconds
For documentation on this error, please visit: http://seleniumhq.org/exceptions/no_such_element.html
Build info: version: '2.53.1', revision: 'a36b8b1cd5757287168e54b817830adce9b0158d', time: '2016-06-30 19:26:09'
System info: host: 'gu-PC', ip: '192.168.56.1', os.name: 'Windows 7', os.arch: 'amd64', os.version: '6.1', java.version: '1.8.0_151'
Driver info: org.openqa.selenium.chrome.ChromeDriver
Capabilities [{applicationCacheEnabled=false, rotatable=false, mobileEmulationEnabled=false, networkConnectionEnabled=false, chrome={chromedriverVersion=2.34.522940 (1a76f96f66e3ca7b8e57d503b4dd3bccfba87af1), userDataDir=C:\Users\gu\AppData\Local\Temp\scoped_dir10116_17779}, takesHeapSnapshot=true, pageLoadStrategy=normal, databaseEnabled=false, handlesAlerts=true, hasTouchScreen=false, version=64.0.3282.140, platform=XP, browserConnectionEnabled=false, nativeEvents=true, acceptSslCerts=true, locationContextEnabled=true, webStorageEnabled=true, browserName=chrome, takesScreenshot=true, javascriptEnabled=true, cssSelectorsEnabled=true, setWindowRect=true, unexpectedAlertBehaviour=}]
Session ID: b99d5482ffaf58e85c492281b19c74cf
*** Element info: {Using=css selector, value=#utopia_widget_5 > p.label-box-wrap}
	at sun.reflect.NativeConstructorAccessorImpl.newInstance0(Native Method) ~[?:1.8.0_151]
	at sun.reflect.NativeConstructorAccessorImpl.newInstance(NativeConstructorAccessorImpl.java:62) ~[?:1.8.0_151]
	at sun.reflect.DelegatingConstructorAccessorImpl.newInstance(DelegatingConstructorAccessorImpl.java:45) ~[?:1.8.0_151]
	at java.lang.reflect.Constructor.newInstance(Constructor.java:423) ~[?:1.8.0_151]
	at org.openqa.selenium.remote.ErrorHandler.createThrowable(ErrorHandler.java:206) ~[selenium-remote-driver-2.53.1.jar:?]
	at org.openqa.selenium.remote.ErrorHandler.throwIfResponseFailed(ErrorHandler.java:158) ~[selenium-remote-driver-2.53.1.jar:?]
	at org.openqa.selenium.remote.RemoteWebDriver.execute(RemoteWebDriver.java:678) ~[selenium-remote-driver-2.53.1.jar:?]
	at org.openqa.selenium.remote.RemoteWebDriver.findElement(RemoteWebDriver.java:363) ~[selenium-remote-driver-2.53.1.jar:?]
	at org.openqa.selenium.remote.RemoteWebDriver.findElementByCssSelector(RemoteWebDriver.java:492) ~[selenium-remote-driver-2.53.1.jar:?]
	at org.openqa.selenium.By$ByCssSelector.findElement(By.java:430) ~[selenium-api-2.53.1.jar:?]
	at org.openqa.selenium.remote.RemoteWebDriver.findElement(RemoteWebDriver.java:355) ~[selenium-remote-driver-2.53.1.jar:?]
	at com.sdyk.ai.crawler.zbj.task.ServiceSupplierTask.postProc(ServiceSupplierTask.java:91) ~[classes/:?]
	at com.sdyk.ai.crawler.zbj.task.ServiceScanTask.main(ServiceScanTask.java:126) [classes/:?]

2018-02-07 12:51:42.624 INFO  [main] [org.tfelab.io.requester.chrome.ChromeDriverAgent$Wrapper:564] run - http://shop.zbj.com/18029425/
2018-02-07 12:51:55.376 INFO  [main] [org.tfelab.io.requester.chrome.ChromeDriverAgent:981] waitPageLoad - http://shop.zbj.com/18029425/, page ready: true
2018-02-07 12:52:05.517 ERROR [main] [com.sdyk.ai.crawler.zbj.task.ServiceScanTask:131] main - Exception while fetch task. org.openqa.selenium.NoSuchElementException: no such element: Unable to locate element: {"method":"css selector","selector":"#j-zbj-header > div.personal-shop-more-info > div > div > div.personal-shop-name > div.personal-shop-desc.J-shop-desc > a > strong"}
  (Session info: chrome=64.0.3282.140)
  (Driver info: chromedriver=2.34.522940 (1a76f96f66e3ca7b8e57d503b4dd3bccfba87af1),platform=Windows NT 6.1.7601 SP1 x86_64) (WARNING: The server did not provide any stacktrace information)
Command duration or timeout: 10.06 seconds
For documentation on this error, please visit: http://seleniumhq.org/exceptions/no_such_element.html
Build info: version: '2.53.1', revision: 'a36b8b1cd5757287168e54b817830adce9b0158d', time: '2016-06-30 19:26:09'
System info: host: 'gu-PC', ip: '192.168.56.1', os.name: 'Windows 7', os.arch: 'amd64', os.version: '6.1', java.version: '1.8.0_151'
Driver info: org.openqa.selenium.chrome.ChromeDriver
Capabilities [{applicationCacheEnabled=false, rotatable=false, mobileEmulationEnabled=false, networkConnectionEnabled=false, chrome={chromedriverVersion=2.34.522940 (1a76f96f66e3ca7b8e57d503b4dd3bccfba87af1), userDataDir=C:\Users\gu\AppData\Local\Temp\scoped_dir10116_17779}, takesHeapSnapshot=true, pageLoadStrategy=normal, databaseEnabled=false, handlesAlerts=true, hasTouchScreen=false, version=64.0.3282.140, platform=XP, browserConnectionEnabled=false, nativeEvents=true, acceptSslCerts=true, locationContextEnabled=true, webStorageEnabled=true, browserName=chrome, takesScreenshot=true, javascriptEnabled=true, cssSelectorsEnabled=true, setWindowRect=true, unexpectedAlertBehaviour=}]
Session ID: b99d5482ffaf58e85c492281b19c74cf
*** Element info: {Using=css selector, value=#j-zbj-header > div.personal-shop-more-info > div > div > div.personal-shop-name > div.personal-shop-desc.J-shop-desc > a > strong}
	at sun.reflect.NativeConstructorAccessorImpl.newInstance0(Native Method) ~[?:1.8.0_151]
	at sun.reflect.NativeConstructorAccessorImpl.newInstance(NativeConstructorAccessorImpl.java:62) ~[?:1.8.0_151]
	at sun.reflect.DelegatingConstructorAccessorImpl.newInstance(DelegatingConstructorAccessorImpl.java:45) ~[?:1.8.0_151]
	at java.lang.reflect.Constructor.newInstance(Constructor.java:423) ~[?:1.8.0_151]
	at org.openqa.selenium.remote.ErrorHandler.createThrowable(ErrorHandler.java:206) ~[selenium-remote-driver-2.53.1.jar:?]
	at org.openqa.selenium.remote.ErrorHandler.throwIfResponseFailed(ErrorHandler.java:158) ~[selenium-remote-driver-2.53.1.jar:?]
	at org.openqa.selenium.remote.RemoteWebDriver.execute(RemoteWebDriver.java:678) ~[selenium-remote-driver-2.53.1.jar:?]
	at org.openqa.selenium.remote.RemoteWebDriver.findElement(RemoteWebDriver.java:363) ~[selenium-remote-driver-2.53.1.jar:?]
	at org.openqa.selenium.remote.RemoteWebDriver.findElementByCssSelector(RemoteWebDriver.java:492) ~[selenium-remote-driver-2.53.1.jar:?]
	at org.openqa.selenium.By$ByCssSelector.findElement(By.java:430) ~[selenium-api-2.53.1.jar:?]
	at org.openqa.selenium.remote.RemoteWebDriver.findElement(RemoteWebDriver.java:355) ~[selenium-remote-driver-2.53.1.jar:?]
	at com.sdyk.ai.crawler.zbj.task.ServiceSupplierTask.postProc(ServiceSupplierTask.java:67) ~[classes/:?]
	at com.sdyk.ai.crawler.zbj.task.ServiceScanTask.main(ServiceScanTask.java:126) [classes/:?]

2018-02-07 12:52:05.519 INFO  [main] [org.tfelab.io.requester.chrome.ChromeDriverAgent$Wrapper:564] run - http://shop.zbj.com/18115303/
2018-02-07 12:52:20.065 INFO  [main] [org.tfelab.io.requester.chrome.ChromeDriverAgent:981] waitPageLoad - http://shop.zbj.com/18115303/, page ready: true
2018-02-07 12:52:51.335 ERROR [main] [com.sdyk.ai.crawler.zbj.task.ServiceScanTask:131] main - Exception while fetch task. org.openqa.selenium.NoSuchElementException: no such element: Unable to locate element: {"method":"css selector","selector":"#utopia_widget_5 > p.label-box-wrap"}
  (Session info: chrome=64.0.3282.140)
  (Driver info: chromedriver=2.34.522940 (1a76f96f66e3ca7b8e57d503b4dd3bccfba87af1),platform=Windows NT 6.1.7601 SP1 x86_64) (WARNING: The server did not provide any stacktrace information)
Command duration or timeout: 10.37 seconds
For documentation on this error, please visit: http://seleniumhq.org/exceptions/no_such_element.html
Build info: version: '2.53.1', revision: 'a36b8b1cd5757287168e54b817830adce9b0158d', time: '2016-06-30 19:26:09'
System info: host: 'gu-PC', ip: '192.168.56.1', os.name: 'Windows 7', os.arch: 'amd64', os.version: '6.1', java.version: '1.8.0_151'
Driver info: org.openqa.selenium.chrome.ChromeDriver
Capabilities [{applicationCacheEnabled=false, rotatable=false, mobileEmulationEnabled=false, networkConnectionEnabled=false, chrome={chromedriverVersion=2.34.522940 (1a76f96f66e3ca7b8e57d503b4dd3bccfba87af1), userDataDir=C:\Users\gu\AppData\Local\Temp\scoped_dir10116_17779}, takesHeapSnapshot=true, pageLoadStrategy=normal, databaseEnabled=false, handlesAlerts=true, hasTouchScreen=false, version=64.0.3282.140, platform=XP, browserConnectionEnabled=false, nativeEvents=true, acceptSslCerts=true, locationContextEnabled=true, webStorageEnabled=true, browserName=chrome, takesScreenshot=true, javascriptEnabled=true, cssSelectorsEnabled=true, setWindowRect=true, unexpectedAlertBehaviour=}]
Session ID: b99d5482ffaf58e85c492281b19c74cf
*** Element info: {Using=css selector, value=#utopia_widget_5 > p.label-box-wrap}
	at sun.reflect.NativeConstructorAccessorImpl.newInstance0(Native Method) ~[?:1.8.0_151]
	at sun.reflect.NativeConstructorAccessorImpl.newInstance(NativeConstructorAccessorImpl.java:62) ~[?:1.8.0_151]
	at sun.reflect.DelegatingConstructorAccessorImpl.newInstance(DelegatingConstructorAccessorImpl.java:45) ~[?:1.8.0_151]
	at java.lang.reflect.Constructor.newInstance(Constructor.java:423) ~[?:1.8.0_151]
	at org.openqa.selenium.remote.ErrorHandler.createThrowable(ErrorHandler.java:206) ~[selenium-remote-driver-2.53.1.jar:?]
	at org.openqa.selenium.remote.ErrorHandler.throwIfResponseFailed(ErrorHandler.java:158) ~[selenium-remote-driver-2.53.1.jar:?]
	at org.openqa.selenium.remote.RemoteWebDriver.execute(RemoteWebDriver.java:678) ~[selenium-remote-driver-2.53.1.jar:?]
	at org.openqa.selenium.remote.RemoteWebDriver.findElement(RemoteWebDriver.java:363) ~[selenium-remote-driver-2.53.1.jar:?]
	at org.openqa.selenium.remote.RemoteWebDriver.findElementByCssSelector(RemoteWebDriver.java:492) ~[selenium-remote-driver-2.53.1.jar:?]
	at org.openqa.selenium.By$ByCssSelector.findElement(By.java:430) ~[selenium-api-2.53.1.jar:?]
	at org.openqa.selenium.remote.RemoteWebDriver.findElement(RemoteWebDriver.java:355) ~[selenium-remote-driver-2.53.1.jar:?]
	at com.sdyk.ai.crawler.zbj.task.ServiceSupplierTask.postProc(ServiceSupplierTask.java:91) ~[classes/:?]
	at com.sdyk.ai.crawler.zbj.task.ServiceScanTask.main(ServiceScanTask.java:126) [classes/:?]

2018-02-07 12:52:51.403 INFO  [main] [org.tfelab.io.requester.chrome.ChromeDriverAgent$Wrapper:564] run - http://shop.zbj.com/17029968/
2018-02-07 12:53:04.607 INFO  [main] [org.tfelab.io.requester.chrome.ChromeDriverAgent:981] waitPageLoad - http://shop.zbj.com/17029968/, page ready: true
2018-02-07 12:53:23.235 ERROR [main] [com.sdyk.ai.crawler.zbj.task.ServiceScanTask:131] main - Exception while fetch task. org.openqa.selenium.NoSuchElementException: no such element: Unable to locate element: {"method":"css selector","selector":"#utopia_widget_5 > p.label-box-wrap"}
  (Session info: chrome=64.0.3282.140)
  (Driver info: chromedriver=2.34.522940 (1a76f96f66e3ca7b8e57d503b4dd3bccfba87af1),platform=Windows NT 6.1.7601 SP1 x86_64) (WARNING: The server did not provide any stacktrace information)
Command duration or timeout: 10.03 seconds
For documentation on this error, please visit: http://seleniumhq.org/exceptions/no_such_element.html
Build info: version: '2.53.1', revision: 'a36b8b1cd5757287168e54b817830adce9b0158d', time: '2016-06-30 19:26:09'
System info: host: 'gu-PC', ip: '192.168.56.1', os.name: 'Windows 7', os.arch: 'amd64', os.version: '6.1', java.version: '1.8.0_151'
Driver info: org.openqa.selenium.chrome.ChromeDriver
Capabilities [{applicationCacheEnabled=false, rotatable=false, mobileEmulationEnabled=false, networkConnectionEnabled=false, chrome={chromedriverVersion=2.34.522940 (1a76f96f66e3ca7b8e57d503b4dd3bccfba87af1), userDataDir=C:\Users\gu\AppData\Local\Temp\scoped_dir10116_17779}, takesHeapSnapshot=true, pageLoadStrategy=normal, databaseEnabled=false, handlesAlerts=true, hasTouchScreen=false, version=64.0.3282.140, platform=XP, browserConnectionEnabled=false, nativeEvents=true, acceptSslCerts=true, locationContextEnabled=true, webStorageEnabled=true, browserName=chrome, takesScreenshot=true, javascriptEnabled=true, cssSelectorsEnabled=true, setWindowRect=true, unexpectedAlertBehaviour=}]
Session ID: b99d5482ffaf58e85c492281b19c74cf
*** Element info: {Using=css selector, value=#utopia_widget_5 > p.label-box-wrap}
	at sun.reflect.NativeConstructorAccessorImpl.newInstance0(Native Method) ~[?:1.8.0_151]
	at sun.reflect.NativeConstructorAccessorImpl.newInstance(NativeConstructorAccessorImpl.java:62) ~[?:1.8.0_151]
	at sun.reflect.DelegatingConstructorAccessorImpl.newInstance(DelegatingConstructorAccessorImpl.java:45) ~[?:1.8.0_151]
	at java.lang.reflect.Constructor.newInstance(Constructor.java:423) ~[?:1.8.0_151]
	at org.openqa.selenium.remote.ErrorHandler.createThrowable(ErrorHandler.java:206) ~[selenium-remote-driver-2.53.1.jar:?]
	at org.openqa.selenium.remote.ErrorHandler.throwIfResponseFailed(ErrorHandler.java:158) ~[selenium-remote-driver-2.53.1.jar:?]
	at org.openqa.selenium.remote.RemoteWebDriver.execute(RemoteWebDriver.java:678) ~[selenium-remote-driver-2.53.1.jar:?]
	at org.openqa.selenium.remote.RemoteWebDriver.findElement(RemoteWebDriver.java:363) ~[selenium-remote-driver-2.53.1.jar:?]
	at org.openqa.selenium.remote.RemoteWebDriver.findElementByCssSelector(RemoteWebDriver.java:492) ~[selenium-remote-driver-2.53.1.jar:?]
	at org.openqa.selenium.By$ByCssSelector.findElement(By.java:430) ~[selenium-api-2.53.1.jar:?]
	at org.openqa.selenium.remote.RemoteWebDriver.findElement(RemoteWebDriver.java:355) ~[selenium-remote-driver-2.53.1.jar:?]
	at com.sdyk.ai.crawler.zbj.task.ServiceSupplierTask.postProc(ServiceSupplierTask.java:91) ~[classes/:?]
	at com.sdyk.ai.crawler.zbj.task.ServiceScanTask.main(ServiceScanTask.java:126) [classes/:?]

2018-02-07 12:53:23.238 INFO  [main] [org.tfelab.io.requester.chrome.ChromeDriverAgent$Wrapper:564] run - http://shop.zbj.com/7757957/
2018-02-07 12:53:36.915 INFO  [main] [org.tfelab.io.requester.chrome.ChromeDriverAgent:981] waitPageLoad - http://shop.zbj.com/7757957/, page ready: true
2018-02-07 12:54:05.389 ERROR [main] [com.sdyk.ai.crawler.zbj.task.ServiceScanTask:131] main - Exception while fetch task. org.openqa.selenium.NoSuchElementException: no such element: Unable to locate element: {"method":"css selector","selector":"#utopia_widget_5 > p.label-box-wrap"}
  (Session info: chrome=64.0.3282.140)
  (Driver info: chromedriver=2.34.522940 (1a76f96f66e3ca7b8e57d503b4dd3bccfba87af1),platform=Windows NT 6.1.7601 SP1 x86_64) (WARNING: The server did not provide any stacktrace information)
Command duration or timeout: 10.04 seconds
For documentation on this error, please visit: http://seleniumhq.org/exceptions/no_such_element.html
Build info: version: '2.53.1', revision: 'a36b8b1cd5757287168e54b817830adce9b0158d', time: '2016-06-30 19:26:09'
System info: host: 'gu-PC', ip: '192.168.56.1', os.name: 'Windows 7', os.arch: 'amd64', os.version: '6.1', java.version: '1.8.0_151'
Driver info: org.openqa.selenium.chrome.ChromeDriver
Capabilities [{applicationCacheEnabled=false, rotatable=false, mobileEmulationEnabled=false, networkConnectionEnabled=false, chrome={chromedriverVersion=2.34.522940 (1a76f96f66e3ca7b8e57d503b4dd3bccfba87af1), userDataDir=C:\Users\gu\AppData\Local\Temp\scoped_dir10116_17779}, takesHeapSnapshot=true, pageLoadStrategy=normal, databaseEnabled=false, handlesAlerts=true, hasTouchScreen=false, version=64.0.3282.140, platform=XP, browserConnectionEnabled=false, nativeEvents=true, acceptSslCerts=true, locationContextEnabled=true, webStorageEnabled=true, browserName=chrome, takesScreenshot=true, javascriptEnabled=true, cssSelectorsEnabled=true, setWindowRect=true, unexpectedAlertBehaviour=}]
Session ID: b99d5482ffaf58e85c492281b19c74cf
*** Element info: {Using=css selector, value=#utopia_widget_5 > p.label-box-wrap}
	at sun.reflect.NativeConstructorAccessorImpl.newInstance0(Native Method) ~[?:1.8.0_151]
	at sun.reflect.NativeConstructorAccessorImpl.newInstance(NativeConstructorAccessorImpl.java:62) ~[?:1.8.0_151]
	at sun.reflect.DelegatingConstructorAccessorImpl.newInstance(DelegatingConstructorAccessorImpl.java:45) ~[?:1.8.0_151]
	at java.lang.reflect.Constructor.newInstance(Constructor.java:423) ~[?:1.8.0_151]
	at org.openqa.selenium.remote.ErrorHandler.createThrowable(ErrorHandler.java:206) ~[selenium-remote-driver-2.53.1.jar:?]
	at org.openqa.selenium.remote.ErrorHandler.throwIfResponseFailed(ErrorHandler.java:158) ~[selenium-remote-driver-2.53.1.jar:?]
	at org.openqa.selenium.remote.RemoteWebDriver.execute(RemoteWebDriver.java:678) ~[selenium-remote-driver-2.53.1.jar:?]
	at org.openqa.selenium.remote.RemoteWebDriver.findElement(RemoteWebDriver.java:363) ~[selenium-remote-driver-2.53.1.jar:?]
	at org.openqa.selenium.remote.RemoteWebDriver.findElementByCssSelector(RemoteWebDriver.java:492) ~[selenium-remote-driver-2.53.1.jar:?]
	at org.openqa.selenium.By$ByCssSelector.findElement(By.java:430) ~[selenium-api-2.53.1.jar:?]
	at org.openqa.selenium.remote.RemoteWebDriver.findElement(RemoteWebDriver.java:355) ~[selenium-remote-driver-2.53.1.jar:?]
	at com.sdyk.ai.crawler.zbj.task.ServiceSupplierTask.postProc(ServiceSupplierTask.java:91) ~[classes/:?]
	at com.sdyk.ai.crawler.zbj.task.ServiceScanTask.main(ServiceScanTask.java:126) [classes/:?]

2018-02-07 12:54:05.391 INFO  [main] [org.tfelab.io.requester.chrome.ChromeDriverAgent$Wrapper:564] run - http://shop.zbj.com/18232696/
2018-02-07 12:54:15.174 INFO  [main] [org.tfelab.io.requester.chrome.ChromeDriverAgent:981] waitPageLoad - http://shop.zbj.com/18232696/, page ready: true
2018-02-07 12:54:54.549 ERROR [main] [com.sdyk.ai.crawler.zbj.task.ServiceScanTask:131] main - Exception while fetch task. org.openqa.selenium.NoSuchElementException: no such element: Unable to locate element: {"method":"css selector","selector":"#utopia_widget_5 > p.label-box-wrap"}
  (Session info: chrome=64.0.3282.140)
  (Driver info: chromedriver=2.34.522940 (1a76f96f66e3ca7b8e57d503b4dd3bccfba87af1),platform=Windows NT 6.1.7601 SP1 x86_64) (WARNING: The server did not provide any stacktrace information)
Command duration or timeout: 10.03 seconds
For documentation on this error, please visit: http://seleniumhq.org/exceptions/no_such_element.html
Build info: version: '2.53.1', revision: 'a36b8b1cd5757287168e54b817830adce9b0158d', time: '2016-06-30 19:26:09'
System info: host: 'gu-PC', ip: '192.168.56.1', os.name: 'Windows 7', os.arch: 'amd64', os.version: '6.1', java.version: '1.8.0_151'
Driver info: org.openqa.selenium.chrome.ChromeDriver
Capabilities [{applicationCacheEnabled=false, rotatable=false, mobileEmulationEnabled=false, networkConnectionEnabled=false, chrome={chromedriverVersion=2.34.522940 (1a76f96f66e3ca7b8e57d503b4dd3bccfba87af1), userDataDir=C:\Users\gu\AppData\Local\Temp\scoped_dir10116_17779}, takesHeapSnapshot=true, pageLoadStrategy=normal, databaseEnabled=false, handlesAlerts=true, hasTouchScreen=false, version=64.0.3282.140, platform=XP, browserConnectionEnabled=false, nativeEvents=true, acceptSslCerts=true, locationContextEnabled=true, webStorageEnabled=true, browserName=chrome, takesScreenshot=true, javascriptEnabled=true, cssSelectorsEnabled=true, setWindowRect=true, unexpectedAlertBehaviour=}]
Session ID: b99d5482ffaf58e85c492281b19c74cf
*** Element info: {Using=css selector, value=#utopia_widget_5 > p.label-box-wrap}
	at sun.reflect.NativeConstructorAccessorImpl.newInstance0(Native Method) ~[?:1.8.0_151]
	at sun.reflect.NativeConstructorAccessorImpl.newInstance(NativeConstructorAccessorImpl.java:62) ~[?:1.8.0_151]
	at sun.reflect.DelegatingConstructorAccessorImpl.newInstance(DelegatingConstructorAccessorImpl.java:45) ~[?:1.8.0_151]
	at java.lang.reflect.Constructor.newInstance(Constructor.java:423) ~[?:1.8.0_151]
	at org.openqa.selenium.remote.ErrorHandler.createThrowable(ErrorHandler.java:206) ~[selenium-remote-driver-2.53.1.jar:?]
	at org.openqa.selenium.remote.ErrorHandler.throwIfResponseFailed(ErrorHandler.java:158) ~[selenium-remote-driver-2.53.1.jar:?]
	at org.openqa.selenium.remote.RemoteWebDriver.execute(RemoteWebDriver.java:678) ~[selenium-remote-driver-2.53.1.jar:?]
	at org.openqa.selenium.remote.RemoteWebDriver.findElement(RemoteWebDriver.java:363) ~[selenium-remote-driver-2.53.1.jar:?]
	at org.openqa.selenium.remote.RemoteWebDriver.findElementByCssSelector(RemoteWebDriver.java:492) ~[selenium-remote-driver-2.53.1.jar:?]
	at org.openqa.selenium.By$ByCssSelector.findElement(By.java:430) ~[selenium-api-2.53.1.jar:?]
	at org.openqa.selenium.remote.RemoteWebDriver.findElement(RemoteWebDriver.java:355) ~[selenium-remote-driver-2.53.1.jar:?]
	at com.sdyk.ai.crawler.zbj.task.ServiceSupplierTask.postProc(ServiceSupplierTask.java:91) ~[classes/:?]
	at com.sdyk.ai.crawler.zbj.task.ServiceScanTask.main(ServiceScanTask.java:126) [classes/:?]

2018-02-07 12:54:54.551 INFO  [main] [org.tfelab.io.requester.chrome.ChromeDriverAgent$Wrapper:564] run - http://shop.zbj.com/16895595/
2018-02-07 12:55:04.539 INFO  [main] [org.tfelab.io.requester.chrome.ChromeDriverAgent:981] waitPageLoad - http://shop.zbj.com/16895595/, page ready: true
2018-02-07 12:55:22.388 ERROR [main] [com.sdyk.ai.crawler.zbj.task.ServiceScanTask:131] main - Exception while fetch task. org.openqa.selenium.NoSuchElementException: no such element: Unable to locate element: {"method":"css selector","selector":"#utopia_widget_5 > p.label-box-wrap"}
  (Session info: chrome=64.0.3282.140)
  (Driver info: chromedriver=2.34.522940 (1a76f96f66e3ca7b8e57d503b4dd3bccfba87af1),platform=Windows NT 6.1.7601 SP1 x86_64) (WARNING: The server did not provide any stacktrace information)
Command duration or timeout: 10.02 seconds
For documentation on this error, please visit: http://seleniumhq.org/exceptions/no_such_element.html
Build info: version: '2.53.1', revision: 'a36b8b1cd5757287168e54b817830adce9b0158d', time: '2016-06-30 19:26:09'
System info: host: 'gu-PC', ip: '192.168.56.1', os.name: 'Windows 7', os.arch: 'amd64', os.version: '6.1', java.version: '1.8.0_151'
Driver info: org.openqa.selenium.chrome.ChromeDriver
Capabilities [{applicationCacheEnabled=false, rotatable=false, mobileEmulationEnabled=false, networkConnectionEnabled=false, chrome={chromedriverVersion=2.34.522940 (1a76f96f66e3ca7b8e57d503b4dd3bccfba87af1), userDataDir=C:\Users\gu\AppData\Local\Temp\scoped_dir10116_17779}, takesHeapSnapshot=true, pageLoadStrategy=normal, databaseEnabled=false, handlesAlerts=true, hasTouchScreen=false, version=64.0.3282.140, platform=XP, browserConnectionEnabled=false, nativeEvents=true, acceptSslCerts=true, locationContextEnabled=true, webStorageEnabled=true, browserName=chrome, takesScreenshot=true, javascriptEnabled=true, cssSelectorsEnabled=true, setWindowRect=true, unexpectedAlertBehaviour=}]
Session ID: b99d5482ffaf58e85c492281b19c74cf
*** Element info: {Using=css selector, value=#utopia_widget_5 > p.label-box-wrap}
	at sun.reflect.NativeConstructorAccessorImpl.newInstance0(Native Method) ~[?:1.8.0_151]
	at sun.reflect.NativeConstructorAccessorImpl.newInstance(NativeConstructorAccessorImpl.java:62) ~[?:1.8.0_151]
	at sun.reflect.DelegatingConstructorAccessorImpl.newInstance(DelegatingConstructorAccessorImpl.java:45) ~[?:1.8.0_151]
	at java.lang.reflect.Constructor.newInstance(Constructor.java:423) ~[?:1.8.0_151]
	at org.openqa.selenium.remote.ErrorHandler.createThrowable(ErrorHandler.java:206) ~[selenium-remote-driver-2.53.1.jar:?]
	at org.openqa.selenium.remote.ErrorHandler.throwIfResponseFailed(ErrorHandler.java:158) ~[selenium-remote-driver-2.53.1.jar:?]
	at org.openqa.selenium.remote.RemoteWebDriver.execute(RemoteWebDriver.java:678) ~[selenium-remote-driver-2.53.1.jar:?]
	at org.openqa.selenium.remote.RemoteWebDriver.findElement(RemoteWebDriver.java:363) ~[selenium-remote-driver-2.53.1.jar:?]
	at org.openqa.selenium.remote.RemoteWebDriver.findElementByCssSelector(RemoteWebDriver.java:492) ~[selenium-remote-driver-2.53.1.jar:?]
	at org.openqa.selenium.By$ByCssSelector.findElement(By.java:430) ~[selenium-api-2.53.1.jar:?]
	at org.openqa.selenium.remote.RemoteWebDriver.findElement(RemoteWebDriver.java:355) ~[selenium-remote-driver-2.53.1.jar:?]
	at com.sdyk.ai.crawler.zbj.task.ServiceSupplierTask.postProc(ServiceSupplierTask.java:91) ~[classes/:?]
	at com.sdyk.ai.crawler.zbj.task.ServiceScanTask.main(ServiceScanTask.java:126) [classes/:?]

2018-02-07 12:55:22.390 INFO  [main] [org.tfelab.io.requester.chrome.ChromeDriverAgent$Wrapper:564] run - http://shop.zbj.com/14983108/
2018-02-07 12:55:38.036 INFO  [main] [org.tfelab.io.requester.chrome.ChromeDriverAgent:981] waitPageLoad - http://shop.zbj.com/14983108/, page ready: true
2018-02-07 12:55:56.988 ERROR [main] [com.sdyk.ai.crawler.zbj.task.ServiceScanTask:131] main - Exception while fetch task. org.openqa.selenium.NoSuchElementException: no such element: Unable to locate element: {"method":"css selector","selector":"#utopia_widget_5 > p.label-box-wrap"}
  (Session info: chrome=64.0.3282.140)
  (Driver info: chromedriver=2.34.522940 (1a76f96f66e3ca7b8e57d503b4dd3bccfba87af1),platform=Windows NT 6.1.7601 SP1 x86_64) (WARNING: The server did not provide any stacktrace information)
Command duration or timeout: 10.05 seconds
For documentation on this error, please visit: http://seleniumhq.org/exceptions/no_such_element.html
Build info: version: '2.53.1', revision: 'a36b8b1cd5757287168e54b817830adce9b0158d', time: '2016-06-30 19:26:09'
System info: host: 'gu-PC', ip: '192.168.56.1', os.name: 'Windows 7', os.arch: 'amd64', os.version: '6.1', java.version: '1.8.0_151'
Driver info: org.openqa.selenium.chrome.ChromeDriver
Capabilities [{applicationCacheEnabled=false, rotatable=false, mobileEmulationEnabled=false, networkConnectionEnabled=false, chrome={chromedriverVersion=2.34.522940 (1a76f96f66e3ca7b8e57d503b4dd3bccfba87af1), userDataDir=C:\Users\gu\AppData\Local\Temp\scoped_dir10116_17779}, takesHeapSnapshot=true, pageLoadStrategy=normal, databaseEnabled=false, handlesAlerts=true, hasTouchScreen=false, version=64.0.3282.140, platform=XP, browserConnectionEnabled=false, nativeEvents=true, acceptSslCerts=true, locationContextEnabled=true, webStorageEnabled=true, browserName=chrome, takesScreenshot=true, javascriptEnabled=true, cssSelectorsEnabled=true, setWindowRect=true, unexpectedAlertBehaviour=}]
Session ID: b99d5482ffaf58e85c492281b19c74cf
*** Element info: {Using=css selector, value=#utopia_widget_5 > p.label-box-wrap}
	at sun.reflect.NativeConstructorAccessorImpl.newInstance0(Native Method) ~[?:1.8.0_151]
	at sun.reflect.NativeConstructorAccessorImpl.newInstance(NativeConstructorAccessorImpl.java:62) ~[?:1.8.0_151]
	at sun.reflect.DelegatingConstructorAccessorImpl.newInstance(DelegatingConstructorAccessorImpl.java:45) ~[?:1.8.0_151]
	at java.lang.reflect.Constructor.newInstance(Constructor.java:423) ~[?:1.8.0_151]
	at org.openqa.selenium.remote.ErrorHandler.createThrowable(ErrorHandler.java:206) ~[selenium-remote-driver-2.53.1.jar:?]
	at org.openqa.selenium.remote.ErrorHandler.throwIfResponseFailed(ErrorHandler.java:158) ~[selenium-remote-driver-2.53.1.jar:?]
	at org.openqa.selenium.remote.RemoteWebDriver.execute(RemoteWebDriver.java:678) ~[selenium-remote-driver-2.53.1.jar:?]
	at org.openqa.selenium.remote.RemoteWebDriver.findElement(RemoteWebDriver.java:363) ~[selenium-remote-driver-2.53.1.jar:?]
	at org.openqa.selenium.remote.RemoteWebDriver.findElementByCssSelector(RemoteWebDriver.java:492) ~[selenium-remote-driver-2.53.1.jar:?]
	at org.openqa.selenium.By$ByCssSelector.findElement(By.java:430) ~[selenium-api-2.53.1.jar:?]
	at org.openqa.selenium.remote.RemoteWebDriver.findElement(RemoteWebDriver.java:355) ~[selenium-remote-driver-2.53.1.jar:?]
	at com.sdyk.ai.crawler.zbj.task.ServiceSupplierTask.postProc(ServiceSupplierTask.java:91) ~[classes/:?]
	at com.sdyk.ai.crawler.zbj.task.ServiceScanTask.main(ServiceScanTask.java:126) [classes/:?]

2018-02-07 12:55:56.991 INFO  [main] [org.tfelab.io.requester.chrome.ChromeDriverAgent$Wrapper:564] run - http://shop.zbj.com/18197838/
2018-02-07 12:56:08.773 INFO  [main] [org.tfelab.io.requester.chrome.ChromeDriverAgent:981] waitPageLoad - http://shop.zbj.com/18197838/, page ready: true
2018-02-07 12:57:08.890 ERROR [main] [com.sdyk.ai.crawler.zbj.task.ServiceScanTask:131] main - Exception while fetch task. org.openqa.selenium.TimeoutException: timeout
  (Session info: chrome=64.0.3282.140)
  (Driver info: chromedriver=2.34.522940 (1a76f96f66e3ca7b8e57d503b4dd3bccfba87af1),platform=Windows NT 6.1.7601 SP1 x86_64) (WARNING: The server did not provide any stacktrace information)
Command duration or timeout: 60.00 seconds
Build info: version: '2.53.1', revision: 'a36b8b1cd5757287168e54b817830adce9b0158d', time: '2016-06-30 19:26:09'
System info: host: 'gu-PC', ip: '192.168.56.1', os.name: 'Windows 7', os.arch: 'amd64', os.version: '6.1', java.version: '1.8.0_151'
Driver info: org.openqa.selenium.chrome.ChromeDriver
Capabilities [{applicationCacheEnabled=false, rotatable=false, mobileEmulationEnabled=false, networkConnectionEnabled=false, chrome={chromedriverVersion=2.34.522940 (1a76f96f66e3ca7b8e57d503b4dd3bccfba87af1), userDataDir=C:\Users\gu\AppData\Local\Temp\scoped_dir10116_17779}, takesHeapSnapshot=true, pageLoadStrategy=normal, databaseEnabled=false, handlesAlerts=true, hasTouchScreen=false, version=64.0.3282.140, platform=XP, browserConnectionEnabled=false, nativeEvents=true, acceptSslCerts=true, locationContextEnabled=true, webStorageEnabled=true, browserName=chrome, takesScreenshot=true, javascriptEnabled=true, cssSelectorsEnabled=true, setWindowRect=true, unexpectedAlertBehaviour=}]
Session ID: b99d5482ffaf58e85c492281b19c74cf
	at sun.reflect.NativeConstructorAccessorImpl.newInstance0(Native Method) ~[?:1.8.0_151]
	at sun.reflect.NativeConstructorAccessorImpl.newInstance(NativeConstructorAccessorImpl.java:62) ~[?:1.8.0_151]
	at sun.reflect.DelegatingConstructorAccessorImpl.newInstance(DelegatingConstructorAccessorImpl.java:45) ~[?:1.8.0_151]
	at java.lang.reflect.Constructor.newInstance(Constructor.java:423) ~[?:1.8.0_151]
	at org.openqa.selenium.remote.ErrorHandler.createThrowable(ErrorHandler.java:206) ~[selenium-remote-driver-2.53.1.jar:?]
	at org.openqa.selenium.remote.ErrorHandler.throwIfResponseFailed(ErrorHandler.java:158) ~[selenium-remote-driver-2.53.1.jar:?]
	at org.openqa.selenium.remote.RemoteWebDriver.execute(RemoteWebDriver.java:678) ~[selenium-remote-driver-2.53.1.jar:?]
	at org.openqa.selenium.remote.RemoteWebDriver.get(RemoteWebDriver.java:316) ~[selenium-remote-driver-2.53.1.jar:?]
	at com.sdyk.ai.crawler.zbj.task.ServiceSupplierTask.postProc(ServiceSupplierTask.java:76) ~[classes/:?]
	at com.sdyk.ai.crawler.zbj.task.ServiceScanTask.main(ServiceScanTask.java:126) [classes/:?]

2018-02-07 12:57:08.896 INFO  [main] [org.tfelab.io.requester.chrome.ChromeDriverAgent$Wrapper:564] run - http://shop.zbj.com/16123923/
2018-02-07 12:58:08.905 ERROR [main] [org.tfelab.io.requester.chrome.ChromeDriverAgent$Wrapper:617] run - org.openqa.selenium.TimeoutException: timeout
  (Session info: chrome=64.0.3282.140)
  (Driver info: chromedriver=2.34.522940 (1a76f96f66e3ca7b8e57d503b4dd3bccfba87af1),platform=Windows NT 6.1.7601 SP1 x86_64) (WARNING: The server did not provide any stacktrace information)
Command duration or timeout: 60.01 seconds
Build info: version: '2.53.1', revision: 'a36b8b1cd5757287168e54b817830adce9b0158d', time: '2016-06-30 19:26:09'
System info: host: 'gu-PC', ip: '192.168.56.1', os.name: 'Windows 7', os.arch: 'amd64', os.version: '6.1', java.version: '1.8.0_151'
Driver info: org.openqa.selenium.chrome.ChromeDriver
Capabilities [{applicationCacheEnabled=false, rotatable=false, mobileEmulationEnabled=false, networkConnectionEnabled=false, chrome={chromedriverVersion=2.34.522940 (1a76f96f66e3ca7b8e57d503b4dd3bccfba87af1), userDataDir=C:\Users\gu\AppData\Local\Temp\scoped_dir10116_17779}, takesHeapSnapshot=true, pageLoadStrategy=normal, databaseEnabled=false, handlesAlerts=true, hasTouchScreen=false, version=64.0.3282.140, platform=XP, browserConnectionEnabled=false, nativeEvents=true, acceptSslCerts=true, locationContextEnabled=true, webStorageEnabled=true, browserName=chrome, takesScreenshot=true, javascriptEnabled=true, cssSelectorsEnabled=true, setWindowRect=true, unexpectedAlertBehaviour=}]
Session ID: b99d5482ffaf58e85c492281b19c74cf
2018-02-07 12:58:08.907 INFO  [main] [org.tfelab.io.requester.chrome.ChromeDriverAgent:765] close - main try to close chrome driver.
2018-02-07 12:58:15.123 INFO  [main] [org.tfelab.io.requester.chrome.ChromeDriverAgent:823] close - main quit.
2018-02-07 12:58:15.123 INFO  [main] [org.tfelab.io.requester.chrome.ChromeDriverAgent:154] init - Init...
2018-02-07 12:58:15.123 INFO  [main] [org.tfelab.io.requester.chrome.ChromeDriverAgent:166] init - User dir: C:\workspace\crawler-zbj\chrome_user_dir\522553046
2018-02-07 12:58:17.490 INFO  [pool-4-thread-1] [org.tfelab.io.requester.chrome.ChromeDriverAgent:259] lambda$init$0 - Create chromedriver done.
2018-02-07 12:58:17.490 INFO  [main] [org.tfelab.io.requester.chrome.ChromeDriverAgent:310] init - Chrome driver pid:0
2018-02-07 12:58:18.921 INFO  [main] [org.tfelab.io.requester.chrome.ChromeDriverAgent:331] init - Init ChromeDriverAgent done.
2018-02-07 12:58:18.921 INFO  [main] [org.tfelab.io.requester.chrome.ChromeDriverAgent$Wrapper:564] run - http://shop.zbj.com/16123923/
2018-02-07 12:58:52.012 INFO  [main] [org.tfelab.io.requester.chrome.ChromeDriverAgent:981] waitPageLoad - http://shop.zbj.com/16123923/, page ready: true
2018-02-07 12:59:28.366 ERROR [main] [com.sdyk.ai.crawler.zbj.task.ServiceScanTask:131] main - Exception while fetch task. org.openqa.selenium.NoSuchElementException: no such element: Unable to locate element: {"method":"css selector","selector":"#utopia_widget_5 > p.label-box-wrap"}
  (Session info: chrome=64.0.3282.140)
  (Driver info: chromedriver=2.34.522940 (1a76f96f66e3ca7b8e57d503b4dd3bccfba87af1),platform=Windows NT 6.1.7601 SP1 x86_64) (WARNING: The server did not provide any stacktrace information)
Command duration or timeout: 10.05 seconds
For documentation on this error, please visit: http://seleniumhq.org/exceptions/no_such_element.html
Build info: version: '2.53.1', revision: 'a36b8b1cd5757287168e54b817830adce9b0158d', time: '2016-06-30 19:26:09'
System info: host: 'gu-PC', ip: '192.168.56.1', os.name: 'Windows 7', os.arch: 'amd64', os.version: '6.1', java.version: '1.8.0_151'
Driver info: org.openqa.selenium.chrome.ChromeDriver
Capabilities [{applicationCacheEnabled=false, rotatable=false, mobileEmulationEnabled=false, networkConnectionEnabled=false, chrome={chromedriverVersion=2.34.522940 (1a76f96f66e3ca7b8e57d503b4dd3bccfba87af1), userDataDir=C:\Users\gu\AppData\Local\Temp\scoped_dir10392_993}, takesHeapSnapshot=true, pageLoadStrategy=normal, databaseEnabled=false, handlesAlerts=true, hasTouchScreen=false, version=64.0.3282.140, platform=XP, browserConnectionEnabled=false, nativeEvents=true, acceptSslCerts=true, locationContextEnabled=true, webStorageEnabled=true, browserName=chrome, takesScreenshot=true, javascriptEnabled=true, cssSelectorsEnabled=true, setWindowRect=true, unexpectedAlertBehaviour=}]
Session ID: 90b3ce2f46f0848f5cad2d92cded4173
*** Element info: {Using=css selector, value=#utopia_widget_5 > p.label-box-wrap}
	at sun.reflect.NativeConstructorAccessorImpl.newInstance0(Native Method) ~[?:1.8.0_151]
	at sun.reflect.NativeConstructorAccessorImpl.newInstance(NativeConstructorAccessorImpl.java:62) ~[?:1.8.0_151]
	at sun.reflect.DelegatingConstructorAccessorImpl.newInstance(DelegatingConstructorAccessorImpl.java:45) ~[?:1.8.0_151]
	at java.lang.reflect.Constructor.newInstance(Constructor.java:423) ~[?:1.8.0_151]
	at org.openqa.selenium.remote.ErrorHandler.createThrowable(ErrorHandler.java:206) ~[selenium-remote-driver-2.53.1.jar:?]
	at org.openqa.selenium.remote.ErrorHandler.throwIfResponseFailed(ErrorHandler.java:158) ~[selenium-remote-driver-2.53.1.jar:?]
	at org.openqa.selenium.remote.RemoteWebDriver.execute(RemoteWebDriver.java:678) ~[selenium-remote-driver-2.53.1.jar:?]
	at org.openqa.selenium.remote.RemoteWebDriver.findElement(RemoteWebDriver.java:363) ~[selenium-remote-driver-2.53.1.jar:?]
	at org.openqa.selenium.remote.RemoteWebDriver.findElementByCssSelector(RemoteWebDriver.java:492) ~[selenium-remote-driver-2.53.1.jar:?]
	at org.openqa.selenium.By$ByCssSelector.findElement(By.java:430) ~[selenium-api-2.53.1.jar:?]
	at org.openqa.selenium.remote.RemoteWebDriver.findElement(RemoteWebDriver.java:355) ~[selenium-remote-driver-2.53.1.jar:?]
	at com.sdyk.ai.crawler.zbj.task.ServiceSupplierTask.postProc(ServiceSupplierTask.java:91) ~[classes/:?]
	at com.sdyk.ai.crawler.zbj.task.ServiceScanTask.main(ServiceScanTask.java:126) [classes/:?]

2018-02-07 12:59:28.368 INFO  [main] [org.tfelab.io.requester.chrome.ChromeDriverAgent$Wrapper:564] run - http://shop.zbj.com/18737109/
2018-02-07 12:59:42.946 INFO  [main] [org.tfelab.io.requester.chrome.ChromeDriverAgent:981] waitPageLoad - http://shop.zbj.com/18737109/, page ready: true
2018-02-07 12:59:53.052 ERROR [main] [com.sdyk.ai.crawler.zbj.task.ServiceScanTask:131] main - Exception while fetch task. org.openqa.selenium.NoSuchElementException: no such element: Unable to locate element: {"method":"css selector","selector":"#j-zbj-header > div.personal-shop-more-info > div > div > div.personal-shop-name > div.personal-shop-desc.J-shop-desc > a > strong"}
  (Session info: chrome=64.0.3282.140)
  (Driver info: chromedriver=2.34.522940 (1a76f96f66e3ca7b8e57d503b4dd3bccfba87af1),platform=Windows NT 6.1.7601 SP1 x86_64) (WARNING: The server did not provide any stacktrace information)
Command duration or timeout: 10.05 seconds
For documentation on this error, please visit: http://seleniumhq.org/exceptions/no_such_element.html
Build info: version: '2.53.1', revision: 'a36b8b1cd5757287168e54b817830adce9b0158d', time: '2016-06-30 19:26:09'
System info: host: 'gu-PC', ip: '192.168.56.1', os.name: 'Windows 7', os.arch: 'amd64', os.version: '6.1', java.version: '1.8.0_151'
Driver info: org.openqa.selenium.chrome.ChromeDriver
Capabilities [{applicationCacheEnabled=false, rotatable=false, mobileEmulationEnabled=false, networkConnectionEnabled=false, chrome={chromedriverVersion=2.34.522940 (1a76f96f66e3ca7b8e57d503b4dd3bccfba87af1), userDataDir=C:\Users\gu\AppData\Local\Temp\scoped_dir10392_993}, takesHeapSnapshot=true, pageLoadStrategy=normal, databaseEnabled=false, handlesAlerts=true, hasTouchScreen=false, version=64.0.3282.140, platform=XP, browserConnectionEnabled=false, nativeEvents=true, acceptSslCerts=true, locationContextEnabled=true, webStorageEnabled=true, browserName=chrome, takesScreenshot=true, javascriptEnabled=true, cssSelectorsEnabled=true, setWindowRect=true, unexpectedAlertBehaviour=}]
Session ID: 90b3ce2f46f0848f5cad2d92cded4173
*** Element info: {Using=css selector, value=#j-zbj-header > div.personal-shop-more-info > div > div > div.personal-shop-name > div.personal-shop-desc.J-shop-desc > a > strong}
	at sun.reflect.NativeConstructorAccessorImpl.newInstance0(Native Method) ~[?:1.8.0_151]
	at sun.reflect.NativeConstructorAccessorImpl.newInstance(NativeConstructorAccessorImpl.java:62) ~[?:1.8.0_151]
	at sun.reflect.DelegatingConstructorAccessorImpl.newInstance(DelegatingConstructorAccessorImpl.java:45) ~[?:1.8.0_151]
	at java.lang.reflect.Constructor.newInstance(Constructor.java:423) ~[?:1.8.0_151]
	at org.openqa.selenium.remote.ErrorHandler.createThrowable(ErrorHandler.java:206) ~[selenium-remote-driver-2.53.1.jar:?]
	at org.openqa.selenium.remote.ErrorHandler.throwIfResponseFailed(ErrorHandler.java:158) ~[selenium-remote-driver-2.53.1.jar:?]
	at org.openqa.selenium.remote.RemoteWebDriver.execute(RemoteWebDriver.java:678) ~[selenium-remote-driver-2.53.1.jar:?]
	at org.openqa.selenium.remote.RemoteWebDriver.findElement(RemoteWebDriver.java:363) ~[selenium-remote-driver-2.53.1.jar:?]
	at org.openqa.selenium.remote.RemoteWebDriver.findElementByCssSelector(RemoteWebDriver.java:492) ~[selenium-remote-driver-2.53.1.jar:?]
	at org.openqa.selenium.By$ByCssSelector.findElement(By.java:430) ~[selenium-api-2.53.1.jar:?]
	at org.openqa.selenium.remote.RemoteWebDriver.findElement(RemoteWebDriver.java:355) ~[selenium-remote-driver-2.53.1.jar:?]
	at com.sdyk.ai.crawler.zbj.task.ServiceSupplierTask.postProc(ServiceSupplierTask.java:67) ~[classes/:?]
	at com.sdyk.ai.crawler.zbj.task.ServiceScanTask.main(ServiceScanTask.java:126) [classes/:?]

2018-02-07 12:59:53.055 INFO  [main] [org.tfelab.io.requester.chrome.ChromeDriverAgent$Wrapper:564] run - http://shop.zbj.com/4685446/
2018-02-07 13:00:02.300 INFO  [main] [org.tfelab.io.requester.chrome.ChromeDriverAgent:981] waitPageLoad - http://shop.zbj.com/4685446/, page ready: true
2018-02-07 13:00:41.196 ERROR [main] [com.sdyk.ai.crawler.zbj.task.ServiceScanTask:131] main - Exception while fetch task. org.openqa.selenium.NoSuchElementException: no such element: Unable to locate element: {"method":"css selector","selector":"#utopia_widget_5 > p.label-box-wrap"}
  (Session info: chrome=64.0.3282.140)
  (Driver info: chromedriver=2.34.522940 (1a76f96f66e3ca7b8e57d503b4dd3bccfba87af1),platform=Windows NT 6.1.7601 SP1 x86_64) (WARNING: The server did not provide any stacktrace information)
Command duration or timeout: 10.01 seconds
For documentation on this error, please visit: http://seleniumhq.org/exceptions/no_such_element.html
Build info: version: '2.53.1', revision: 'a36b8b1cd5757287168e54b817830adce9b0158d', time: '2016-06-30 19:26:09'
System info: host: 'gu-PC', ip: '192.168.56.1', os.name: 'Windows 7', os.arch: 'amd64', os.version: '6.1', java.version: '1.8.0_151'
Driver info: org.openqa.selenium.chrome.ChromeDriver
Capabilities [{applicationCacheEnabled=false, rotatable=false, mobileEmulationEnabled=false, networkConnectionEnabled=false, chrome={chromedriverVersion=2.34.522940 (1a76f96f66e3ca7b8e57d503b4dd3bccfba87af1), userDataDir=C:\Users\gu\AppData\Local\Temp\scoped_dir10392_993}, takesHeapSnapshot=true, pageLoadStrategy=normal, databaseEnabled=false, handlesAlerts=true, hasTouchScreen=false, version=64.0.3282.140, platform=XP, browserConnectionEnabled=false, nativeEvents=true, acceptSslCerts=true, locationContextEnabled=true, webStorageEnabled=true, browserName=chrome, takesScreenshot=true, javascriptEnabled=true, cssSelectorsEnabled=true, setWindowRect=true, unexpectedAlertBehaviour=}]
Session ID: 90b3ce2f46f0848f5cad2d92cded4173
*** Element info: {Using=css selector, value=#utopia_widget_5 > p.label-box-wrap}
	at sun.reflect.NativeConstructorAccessorImpl.newInstance0(Native Method) ~[?:1.8.0_151]
	at sun.reflect.NativeConstructorAccessorImpl.newInstance(NativeConstructorAccessorImpl.java:62) ~[?:1.8.0_151]
	at sun.reflect.DelegatingConstructorAccessorImpl.newInstance(DelegatingConstructorAccessorImpl.java:45) ~[?:1.8.0_151]
	at java.lang.reflect.Constructor.newInstance(Constructor.java:423) ~[?:1.8.0_151]
	at org.openqa.selenium.remote.ErrorHandler.createThrowable(ErrorHandler.java:206) ~[selenium-remote-driver-2.53.1.jar:?]
	at org.openqa.selenium.remote.ErrorHandler.throwIfResponseFailed(ErrorHandler.java:158) ~[selenium-remote-driver-2.53.1.jar:?]
	at org.openqa.selenium.remote.RemoteWebDriver.execute(RemoteWebDriver.java:678) ~[selenium-remote-driver-2.53.1.jar:?]
	at org.openqa.selenium.remote.RemoteWebDriver.findElement(RemoteWebDriver.java:363) ~[selenium-remote-driver-2.53.1.jar:?]
	at org.openqa.selenium.remote.RemoteWebDriver.findElementByCssSelector(RemoteWebDriver.java:492) ~[selenium-remote-driver-2.53.1.jar:?]
	at org.openqa.selenium.By$ByCssSelector.findElement(By.java:430) ~[selenium-api-2.53.1.jar:?]
	at org.openqa.selenium.remote.RemoteWebDriver.findElement(RemoteWebDriver.java:355) ~[selenium-remote-driver-2.53.1.jar:?]
	at com.sdyk.ai.crawler.zbj.task.ServiceSupplierTask.postProc(ServiceSupplierTask.java:91) ~[classes/:?]
	at com.sdyk.ai.crawler.zbj.task.ServiceScanTask.main(ServiceScanTask.java:126) [classes/:?]

2018-02-07 13:00:41.198 INFO  [main] [org.tfelab.io.requester.chrome.ChromeDriverAgent$Wrapper:564] run - http://shop.zbj.com/14686690/
2018-02-07 13:00:55.684 INFO  [main] [org.tfelab.io.requester.chrome.ChromeDriverAgent:981] waitPageLoad - http://shop.zbj.com/14686690/, page ready: true
2018-02-07 13:01:20.065 ERROR [main] [com.sdyk.ai.crawler.zbj.task.ServiceScanTask:131] main - Exception while fetch task. org.openqa.selenium.NoSuchElementException: no such element: Unable to locate element: {"method":"css selector","selector":"#utopia_widget_5 > p.label-box-wrap"}
  (Session info: chrome=64.0.3282.140)
  (Driver info: chromedriver=2.34.522940 (1a76f96f66e3ca7b8e57d503b4dd3bccfba87af1),platform=Windows NT 6.1.7601 SP1 x86_64) (WARNING: The server did not provide any stacktrace information)
Command duration or timeout: 10.05 seconds
For documentation on this error, please visit: http://seleniumhq.org/exceptions/no_such_element.html
Build info: version: '2.53.1', revision: 'a36b8b1cd5757287168e54b817830adce9b0158d', time: '2016-06-30 19:26:09'
System info: host: 'gu-PC', ip: '192.168.56.1', os.name: 'Windows 7', os.arch: 'amd64', os.version: '6.1', java.version: '1.8.0_151'
Driver info: org.openqa.selenium.chrome.ChromeDriver
Capabilities [{applicationCacheEnabled=false, rotatable=false, mobileEmulationEnabled=false, networkConnectionEnabled=false, chrome={chromedriverVersion=2.34.522940 (1a76f96f66e3ca7b8e57d503b4dd3bccfba87af1), userDataDir=C:\Users\gu\AppData\Local\Temp\scoped_dir10392_993}, takesHeapSnapshot=true, pageLoadStrategy=normal, databaseEnabled=false, handlesAlerts=true, hasTouchScreen=false, version=64.0.3282.140, platform=XP, browserConnectionEnabled=false, nativeEvents=true, acceptSslCerts=true, locationContextEnabled=true, webStorageEnabled=true, browserName=chrome, takesScreenshot=true, javascriptEnabled=true, cssSelectorsEnabled=true, setWindowRect=true, unexpectedAlertBehaviour=}]
Session ID: 90b3ce2f46f0848f5cad2d92cded4173
*** Element info: {Using=css selector, value=#utopia_widget_5 > p.label-box-wrap}
	at sun.reflect.NativeConstructorAccessorImpl.newInstance0(Native Method) ~[?:1.8.0_151]
	at sun.reflect.NativeConstructorAccessorImpl.newInstance(NativeConstructorAccessorImpl.java:62) ~[?:1.8.0_151]
	at sun.reflect.DelegatingConstructorAccessorImpl.newInstance(DelegatingConstructorAccessorImpl.java:45) ~[?:1.8.0_151]
	at java.lang.reflect.Constructor.newInstance(Constructor.java:423) ~[?:1.8.0_151]
	at org.openqa.selenium.remote.ErrorHandler.createThrowable(ErrorHandler.java:206) ~[selenium-remote-driver-2.53.1.jar:?]
	at org.openqa.selenium.remote.ErrorHandler.throwIfResponseFailed(ErrorHandler.java:158) ~[selenium-remote-driver-2.53.1.jar:?]
	at org.openqa.selenium.remote.RemoteWebDriver.execute(RemoteWebDriver.java:678) ~[selenium-remote-driver-2.53.1.jar:?]
	at org.openqa.selenium.remote.RemoteWebDriver.findElement(RemoteWebDriver.java:363) ~[selenium-remote-driver-2.53.1.jar:?]
	at org.openqa.selenium.remote.RemoteWebDriver.findElementByCssSelector(RemoteWebDriver.java:492) ~[selenium-remote-driver-2.53.1.jar:?]
	at org.openqa.selenium.By$ByCssSelector.findElement(By.java:430) ~[selenium-api-2.53.1.jar:?]
	at org.openqa.selenium.remote.RemoteWebDriver.findElement(RemoteWebDriver.java:355) ~[selenium-remote-driver-2.53.1.jar:?]
	at com.sdyk.ai.crawler.zbj.task.ServiceSupplierTask.postProc(ServiceSupplierTask.java:91) ~[classes/:?]
	at com.sdyk.ai.crawler.zbj.task.ServiceScanTask.main(ServiceScanTask.java:126) [classes/:?]

2018-02-07 13:01:20.067 INFO  [main] [org.tfelab.io.requester.chrome.ChromeDriverAgent$Wrapper:564] run - http://shop.zbj.com/13046360/
2018-02-07 13:01:28.270 INFO  [main] [org.tfelab.io.requester.chrome.ChromeDriverAgent:981] waitPageLoad - http://shop.zbj.com/13046360/, page ready: true
2018-02-07 13:01:52.515 ERROR [main] [com.sdyk.ai.crawler.zbj.task.ServiceScanTask:131] main - Exception while fetch task. org.openqa.selenium.NoSuchElementException: no such element: Unable to locate element: {"method":"css selector","selector":"#utopia_widget_5 > p.label-box-wrap"}
  (Session info: chrome=64.0.3282.140)
  (Driver info: chromedriver=2.34.522940 (1a76f96f66e3ca7b8e57d503b4dd3bccfba87af1),platform=Windows NT 6.1.7601 SP1 x86_64) (WARNING: The server did not provide any stacktrace information)
Command duration or timeout: 10.06 seconds
For documentation on this error, please visit: http://seleniumhq.org/exceptions/no_such_element.html
Build info: version: '2.53.1', revision: 'a36b8b1cd5757287168e54b817830adce9b0158d', time: '2016-06-30 19:26:09'
System info: host: 'gu-PC', ip: '192.168.56.1', os.name: 'Windows 7', os.arch: 'amd64', os.version: '6.1', java.version: '1.8.0_151'
Driver info: org.openqa.selenium.chrome.ChromeDriver
Capabilities [{applicationCacheEnabled=false, rotatable=false, mobileEmulationEnabled=false, networkConnectionEnabled=false, chrome={chromedriverVersion=2.34.522940 (1a76f96f66e3ca7b8e57d503b4dd3bccfba87af1), userDataDir=C:\Users\gu\AppData\Local\Temp\scoped_dir10392_993}, takesHeapSnapshot=true, pageLoadStrategy=normal, databaseEnabled=false, handlesAlerts=true, hasTouchScreen=false, version=64.0.3282.140, platform=XP, browserConnectionEnabled=false, nativeEvents=true, acceptSslCerts=true, locationContextEnabled=true, webStorageEnabled=true, browserName=chrome, takesScreenshot=true, javascriptEnabled=true, cssSelectorsEnabled=true, setWindowRect=true, unexpectedAlertBehaviour=}]
Session ID: 90b3ce2f46f0848f5cad2d92cded4173
*** Element info: {Using=css selector, value=#utopia_widget_5 > p.label-box-wrap}
	at sun.reflect.NativeConstructorAccessorImpl.newInstance0(Native Method) ~[?:1.8.0_151]
	at sun.reflect.NativeConstructorAccessorImpl.newInstance(NativeConstructorAccessorImpl.java:62) ~[?:1.8.0_151]
	at sun.reflect.DelegatingConstructorAccessorImpl.newInstance(DelegatingConstructorAccessorImpl.java:45) ~[?:1.8.0_151]
	at java.lang.reflect.Constructor.newInstance(Constructor.java:423) ~[?:1.8.0_151]
	at org.openqa.selenium.remote.ErrorHandler.createThrowable(ErrorHandler.java:206) ~[selenium-remote-driver-2.53.1.jar:?]
	at org.openqa.selenium.remote.ErrorHandler.throwIfResponseFailed(ErrorHandler.java:158) ~[selenium-remote-driver-2.53.1.jar:?]
	at org.openqa.selenium.remote.RemoteWebDriver.execute(RemoteWebDriver.java:678) ~[selenium-remote-driver-2.53.1.jar:?]
	at org.openqa.selenium.remote.RemoteWebDriver.findElement(RemoteWebDriver.java:363) ~[selenium-remote-driver-2.53.1.jar:?]
	at org.openqa.selenium.remote.RemoteWebDriver.findElementByCssSelector(RemoteWebDriver.java:492) ~[selenium-remote-driver-2.53.1.jar:?]
	at org.openqa.selenium.By$ByCssSelector.findElement(By.java:430) ~[selenium-api-2.53.1.jar:?]
	at org.openqa.selenium.remote.RemoteWebDriver.findElement(RemoteWebDriver.java:355) ~[selenium-remote-driver-2.53.1.jar:?]
	at com.sdyk.ai.crawler.zbj.task.ServiceSupplierTask.postProc(ServiceSupplierTask.java:91) ~[classes/:?]
	at com.sdyk.ai.crawler.zbj.task.ServiceScanTask.main(ServiceScanTask.java:126) [classes/:?]

2018-02-07 13:01:52.521 INFO  [main] [org.tfelab.io.requester.chrome.ChromeDriverAgent$Wrapper:564] run - http://shop.zbj.com/18262409/
2018-02-07 13:02:06.794 INFO  [main] [org.tfelab.io.requester.chrome.ChromeDriverAgent:981] waitPageLoad - http://shop.zbj.com/18262409/, page ready: true
